#
# There is insufficient memory for the Java Runtime Environment to continue.
# Native memory allocation (mmap) failed to map 266338304 bytes for G1 virtual space
# Possible reasons:
#   The system is out of physical RAM or swap space
#   The process is running with CompressedOops enabled, and the Java Heap may be blocking the growth of the native heap
# Possible solutions:
#   Reduce memory load on the system
#   Increase physical memory or swap space
#   Check if swap backing store is full
#   Decrease Java heap size (-Xmx/-Xms)
#   Decrease number of Java threads
#   Decrease Java thread stack sizes (-Xss)
#   Set larger code cache with -XX:ReservedCodeCacheSize=
#   JVM is running with Zero Based Compressed Oops mode in which the Java heap is
#     placed in the first 32GB address space. The Java Heap base address is the
#     maximum limit for the native heap growth. Please use -XX:HeapBaseMinAddress
#     to set the Java Heap base and to place the Java Heap above 32GB virtual address.
# This output file may be truncated or incomplete.
#
#  Out of Memory Error (os_windows.cpp:3613), pid=32108, tid=35312
#
# JRE version:  (17.0.10+7) (build )
# Java VM: OpenJDK 64-Bit Server VM (17.0.10+7, mixed mode, sharing, tiered, compressed oops, compressed class ptrs, g1 gc, windows-amd64)
# No core dump will be written. Minidumps are not enabled by default on client versions of Windows
#

---------------  S U M M A R Y ------------

Command Line: -Dfile.encoding=UTF-8 -Dstdout.encoding=UTF-8 -Dstderr.encoding=UTF-8 -XX:+ShowCodeDetailsInExceptionMessages PL112_10920131.Main

Host: Intel(R) Core(TM) i7-9750H CPU @ 2.60GHz, 12 cores, 15G,  Windows 10 , 64 bit Build 19041 (10.0.19041.3636)
Time: Mon May 20 01:17:49 2024  Windows 10 , 64 bit Build 19041 (10.0.19041.3636) elapsed time: 0.012887 seconds (0d 0h 0m 0s)

---------------  T H R E A D  ---------------

Current thread (0x000001f3a83dc550):  JavaThread "Unknown thread" [_thread_in_vm, id=35312, stack(0x0000000632500000,0x0000000632600000)]

Stack: [0x0000000632500000,0x0000000632600000]
Native frames: (J=compiled Java code, j=interpreted, Vv=VM code, C=native code)
V  [jvm.dll+0x67d2c9]
V  [jvm.dll+0x834afa]
V  [jvm.dll+0x8365be]
V  [jvm.dll+0x836c23]
V  [jvm.dll+0x2477ff]
V  [jvm.dll+0x67a109]
V  [jvm.dll+0x66eb7a]
V  [jvm.dll+0x30764b]
V  [jvm.dll+0x30eaf6]
V  [jvm.dll+0x35e83e]
V  [jvm.dll+0x35ea6f]
V  [jvm.dll+0x2de248]
V  [jvm.dll+0x2df1b4]
V  [jvm.dll+0x806361]
V  [jvm.dll+0x36c6f1]
V  [jvm.dll+0x7e4e06]
V  [jvm.dll+0x3eff3f]
V  [jvm.dll+0x3f1b71]
C  [jli.dll+0x528f]
C  [ucrtbase.dll+0x21bb2]
C  [KERNEL32.DLL+0x17344]
C  [ntdll.dll+0x526b1]


---------------  P R O C E S S  ---------------

Threads class SMR info:
_java_thread_list=0x00007ffe677bee98, length=0, elements={
}

Java Threads: ( => current thread )

Other Threads:
  0x000001f3a8447860 GCTaskThread "GC Thread#0" [stack: 0x0000000632600000,0x0000000632700000] [id=21148]
  0x000001f3a8458540 ConcurrentGCThread "G1 Main Marker" [stack: 0x0000000632700000,0x0000000632800000] [id=20744]
  0x000001f3a8458f60 ConcurrentGCThread "G1 Conc#0" [stack: 0x0000000632800000,0x0000000632900000] [id=28436]

[error occurred during error reporting (printing all threads), id 0xc0000005, EXCEPTION_ACCESS_VIOLATION (0xc0000005) at pc=0x00007ffe66f7ec87]

VM state: not at safepoint (not fully initialized)

VM Mutex/Monitor currently owned by a thread:  ([mutex/lock_event])
[0x000001f3a83d6920] Heap_lock - owner thread: 0x000001f3a83dc550

Heap address: 0x0000000702600000, size: 4058 MB, Compressed Oops mode: Zero based, Oop shift amount: 3

CDS archive(s) mapped at: [0x0000000000000000-0x0000000000000000-0x0000000000000000), size 0, SharedBaseAddress: 0x0000000800000000, ArchiveRelocationMode: 1.
Narrow klass base: 0x0000000000000000, Narrow klass shift: 0, Narrow klass range: 0x0

GC Precious Log:
<Empty>

Heap:
 garbage-first heap   total 0K, used 0K [0x0000000702600000, 0x0000000800000000)
  region size 2048K, 0 young (0K), 0 survivors (0K)

[error occurred during error reporting (printing heap information), id 0xc0000005, EXCEPTION_ACCESS_VIOLATION (0xc0000005) at pc=0x00007ffe67366fb9]

GC Heap History (0 events):
No events

Dll operation events (1 events):
Event: 0.005 Loaded shared library C:\Users\leon9\.p2\pool\plugins\org.eclipse.justj.openjdk.hotspot.jre.full.win32.x86_64_17.0.10.v20240120-1143\jre\bin\java.dll

Deoptimization events (0 events):
No events

Classes unloaded (0 events):
No events

Classes redefined (0 events):
No events

Internal exceptions (0 events):
No events

VM Operations (0 events):
No events

Events (0 events):
No events


Dynamic libraries:
0x00007ff647520000 - 0x00007ff64752e000 	C:\Users\leon9\.p2\pool\plugins\org.eclipse.justj.openjdk.hotspot.jre.full.win32.x86_64_17.0.10.v20240120-1143\jre\bin\javaw.exe
0x00007fff11870000 - 0x00007fff11a68000 	C:\WINDOWS\SYSTEM32\ntdll.dll
0x00007fff0fef0000 - 0x00007fff0ffad000 	C:\WINDOWS\System32\KERNEL32.DLL
0x00007fff0f360000 - 0x00007fff0f656000 	C:\WINDOWS\System32\KERNELBASE.dll
0x00007fff0ef20000 - 0x00007fff0f020000 	C:\WINDOWS\System32\ucrtbase.dll
0x00007fff0c4d0000 - 0x00007fff0c4eb000 	C:\Users\leon9\.p2\pool\plugins\org.eclipse.justj.openjdk.hotspot.jre.full.win32.x86_64_17.0.10.v20240120-1143\jre\bin\VCRUNTIME140.dll
0x00007fff08f60000 - 0x00007fff08f77000 	C:\Users\leon9\.p2\pool\plugins\org.eclipse.justj.openjdk.hotspot.jre.full.win32.x86_64_17.0.10.v20240120-1143\jre\bin\jli.dll
0x00007fff10940000 - 0x00007fff10adf000 	C:\WINDOWS\System32\USER32.dll
0x00007ffefbf10000 - 0x00007ffefc1aa000 	C:\WINDOWS\WinSxS\amd64_microsoft.windows.common-controls_6595b64144ccf1df_6.0.19041.4355_none_60b8b9eb71f62e16\COMCTL32.dll
0x00007fff0f870000 - 0x00007fff0f892000 	C:\WINDOWS\System32\win32u.dll
0x00007fff0fe20000 - 0x00007fff0fe4b000 	C:\WINDOWS\System32\GDI32.dll
0x00007fff0fe50000 - 0x00007fff0feee000 	C:\WINDOWS\System32\msvcrt.dll
0x00007fff0f020000 - 0x00007fff0f137000 	C:\WINDOWS\System32\gdi32full.dll
0x00007fff0f250000 - 0x00007fff0f2ed000 	C:\WINDOWS\System32\msvcp_win.dll
0x00007fff10350000 - 0x00007fff10382000 	C:\WINDOWS\System32\IMM32.DLL
0x00007fff0c5c0000 - 0x00007fff0c5cc000 	C:\Users\leon9\.p2\pool\plugins\org.eclipse.justj.openjdk.hotspot.jre.full.win32.x86_64_17.0.10.v20240120-1143\jre\bin\vcruntime140_1.dll
0x00007ffeebd90000 - 0x00007ffeebe1d000 	C:\Users\leon9\.p2\pool\plugins\org.eclipse.justj.openjdk.hotspot.jre.full.win32.x86_64_17.0.10.v20240120-1143\jre\bin\msvcp140.dll
0x00007ffe66c90000 - 0x00007ffe678f2000 	C:\Users\leon9\.p2\pool\plugins\org.eclipse.justj.openjdk.hotspot.jre.full.win32.x86_64_17.0.10.v20240120-1143\jre\bin\server\jvm.dll
0x00007fff0f8a0000 - 0x00007fff0f950000 	C:\WINDOWS\System32\ADVAPI32.dll
0x00007fff100a0000 - 0x00007fff10140000 	C:\WINDOWS\System32\sechost.dll
0x00007fff10140000 - 0x00007fff10263000 	C:\WINDOWS\System32\RPCRT4.dll
0x00007fff0f220000 - 0x00007fff0f247000 	C:\WINDOWS\System32\bcrypt.dll
0x00007fff0e460000 - 0x00007fff0e4ab000 	C:\WINDOWS\SYSTEM32\POWRPROF.dll
0x00007ffef9940000 - 0x00007ffef9967000 	C:\WINDOWS\SYSTEM32\WINMM.dll
0x00007ffef4980000 - 0x00007ffef4989000 	C:\WINDOWS\SYSTEM32\WSOCK32.dll
0x00007fff0fdb0000 - 0x00007fff0fe1b000 	C:\WINDOWS\System32\WS2_32.dll
0x00007fff074f0000 - 0x00007fff074fa000 	C:\WINDOWS\SYSTEM32\VERSION.dll
0x00007fff0e2d0000 - 0x00007fff0e2e2000 	C:\WINDOWS\SYSTEM32\UMPDC.dll
0x00007fff0cd60000 - 0x00007fff0cd72000 	C:\WINDOWS\SYSTEM32\kernel.appcore.dll
0x00007fff05eb0000 - 0x00007fff05eba000 	C:\Users\leon9\.p2\pool\plugins\org.eclipse.justj.openjdk.hotspot.jre.full.win32.x86_64_17.0.10.v20240120-1143\jre\bin\jimage.dll
0x00007ffef9670000 - 0x00007ffef9854000 	C:\WINDOWS\SYSTEM32\DBGHELP.DLL
0x00007ffef8a00000 - 0x00007ffef8a34000 	C:\WINDOWS\SYSTEM32\dbgcore.DLL
0x00007fff0f190000 - 0x00007fff0f212000 	C:\WINDOWS\System32\bcryptPrimitives.dll
0x00007fff05760000 - 0x00007fff05785000 	C:\Users\leon9\.p2\pool\plugins\org.eclipse.justj.openjdk.hotspot.jre.full.win32.x86_64_17.0.10.v20240120-1143\jre\bin\java.dll

dbghelp: loaded successfully - version: 4.0.5 - missing functions: none
symbol engine: initialized successfully - sym options: 0x614 - pdb path: .;C:\Users\leon9\.p2\pool\plugins\org.eclipse.justj.openjdk.hotspot.jre.full.win32.x86_64_17.0.10.v20240120-1143\jre\bin;C:\WINDOWS\SYSTEM32;C:\WINDOWS\WinSxS\amd64_microsoft.windows.common-controls_6595b64144ccf1df_6.0.19041.4355_none_60b8b9eb71f62e16;C:\Users\leon9\.p2\pool\plugins\org.eclipse.justj.openjdk.hotspot.jre.full.win32.x86_64_17.0.10.v20240120-1143\jre\bin\server

VM Arguments:
jvm_args: -Dfile.encoding=UTF-8 -Dstdout.encoding=UTF-8 -Dstderr.encoding=UTF-8 -XX:+ShowCodeDetailsInExceptionMessages 
java_command: PL112_10920131.Main
java_class_path (initial): C:\Users\leon9\eclipse-workspace\pal2024-java\bin
Launcher Type: SUN_STANDARD

[Global flags]
     intx CICompilerCount                          = 4                                         {product} {ergonomic}
     uint ConcGCThreads                            = 3                                         {product} {ergonomic}
     uint G1ConcRefinementThreads                  = 10                                        {product} {ergonomic}
   size_t G1HeapRegionSize                         = 2097152                                   {product} {ergonomic}
    uintx GCDrainStackTargetSize                   = 64                                        {product} {ergonomic}
   size_t InitialHeapSize                          = 266338304                                 {product} {ergonomic}
   size_t MarkStackSize                            = 4194304                                   {product} {ergonomic}
   size_t MaxHeapSize                              = 4255121408                                {product} {ergonomic}
   size_t MinHeapDeltaBytes                        = 2097152                                   {product} {ergonomic}
   size_t MinHeapSize                              = 8388608                                   {product} {ergonomic}
    uintx NonNMethodCodeHeapSize                   = 5839372                                {pd product} {ergonomic}
    uintx NonProfiledCodeHeapSize                  = 122909434                              {pd product} {ergonomic}
    uintx ProfiledCodeHeapSize                     = 122909434                              {pd product} {ergonomic}
    uintx ReservedCodeCacheSize                    = 251658240                              {pd product} {ergonomic}
     bool SegmentedCodeCache                       = true                                      {product} {ergonomic}
     bool ShowCodeDetailsInExceptionMessages       = true                                   {manageable} {command line}
   size_t SoftMaxHeapSize                          = 4255121408                             {manageable} {ergonomic}
     bool UseCompressedClassPointers               = true                           {product lp64_product} {ergonomic}
     bool UseCompressedOops                        = true                           {product lp64_product} {ergonomic}
     bool UseG1GC                                  = true                                      {product} {ergonomic}
     bool UseLargePagesIndividualAllocation        = false                                  {pd product} {ergonomic}

Logging:
Log output configuration:
 #0: stdout all=warning uptime,level,tags
 #1: stderr all=off uptime,level,tags

Environment Variables:
PATH=C:/Users/leon9/.p2/pool/plugins/org.eclipse.justj.openjdk.hotspot.jre.full.win32.x86_64_17.0.10.v20240120-1143/jre/bin/server;C:/Users/leon9/.p2/pool/plugins/org.eclipse.justj.openjdk.hotspot.jre.full.win32.x86_64_17.0.10.v20240120-1143/jre/bin;C:\Windows\system32;C:\Windows;C:\Windows\System32\Wbem;C:\Windows\System32\WindowsPowerShell\v1.0\;C:\Windows\System32\OpenSSH\;C:\Program Files (x86)\NVIDIA Corporation\PhysX\Common;C:\Program Files\NVIDIA Corporation\NVIDIA NvDLISR;C:\Program Files\Intel\WiFi\bin\;C:\Program Files\Common Files\Intel\WirelessCommon\;C:\WINDOWS\system32;C:\WINDOWS;C:\WINDOWS\System32\Wbem;C:\WINDOWS\System32\WindowsPowerShell\v1.0\;C:\WINDOWS\System32\OpenSSH\;C:\Program Files\nodejs\;C:\Program Files\Git\cmd;C:\Program Files\Microsoft SQL Server\150\Tools\Binn\;C:\Program Files\dotnet\;C:\MinGW\bin;C:\Program Files\MySQL\MySQL Shell 8.0\bin\;C:\Users\leon9\AppData\Local\Programs\Python\Python310\Scripts\;C:\Users\leon9\AppData\Local\Programs\Python\Python310\;C:\cygwin\bin;C:\Users\leon9\AppData\Local\Programs\Microsoft VS Code\bin;C:\intelFPGA\20.1\modelsim_ase\win32aloem;C:\Users\leon9\AppData\Roaming\npm;C:\altera\13.1\modelsim_ase\win32aloem;C:\intelFPGA\17.1\modelsim_ase\win32aloem;C:\Users\leon9\.dotnet\tools;C:\mingw64\bin;C:\MinGW\bin;;C:\WINDOWS\system32;
USERNAME=leon9
OS=Windows_NT
PROCESSOR_IDENTIFIER=Intel64 Family 6 Model 158 Stepping 13, GenuineIntel
TMP=C:\Users\leon9\AppData\Local\Temp
TEMP=C:\Users\leon9\AppData\Local\Temp



Periodic native trim disabled


---------------  S Y S T E M  ---------------

OS:
 Windows 10 , 64 bit Build 19041 (10.0.19041.3636)
OS uptime: 3 days 2:16 hours
Hyper-V role detected

CPU: total 12 (initial active 12) (6 cores per cpu, 2 threads per core) family 6 model 158 stepping 13 microcode 0xb8, cx8, cmov, fxsr, ht, mmx, 3dnowpref, sse, sse2, sse3, ssse3, sse4.1, sse4.2, popcnt, lzcnt, tsc, tscinvbit, avx, avx2, aes, erms, clmul, bmi1, bmi2, adx, fma, vzeroupper, clflush, clflushopt, hv
Processor Information for all 12 processors :
  Max Mhz: 2601, Current Mhz: 2600, Mhz Limit: 2574

Memory: 4k page, system-wide physical 16230M (6633M free)
TotalPageFile size 65382M (AvailPageFile size 98M)
current process WorkingSet (physical memory assigned to process): 10M, peak: 10M
current process commit charge ("private bytes"): 64M, peak: 318M

vm_info: OpenJDK 64-Bit Server VM (17.0.10+7) for windows-amd64 JRE (17.0.10+7), built on Jan 16 2024 23:25:11 by "admin" with MS VC++ 16.10 / 16.11 (VS2019)

END.
